Using selector: EpollSelector
Watching for file changes with StatReloader
Got 2 posts
Got 2 posts
Created comment on Post 1 for user eddie
Using selector: EpollSelector
Using selector: EpollSelector
Watching for file changes with StatReloader
Got 2 posts
Using selector: EpollSelector
Using selector: EpollSelector
Watching for file changes with StatReloader
Got 2 posts
Loaded 1 recent posts for post 1
Got 2 posts
Got 2 posts
Loaded 1 recent posts for post 2
Using selector: EpollSelector
Using selector: EpollSelector
Using selector: EpollSelector
Watching for file changes with StatReloader
Using selector: EpollSelector
Using selector: EpollSelector
Watching for file changes with StatReloader
/home/codio/workspace/blango/blango/urls.py changed, reloading.
Using selector: EpollSelector
Watching for file changes with StatReloader
/home/codio/workspace/blango/blango/urls.py changed, reloading.
Using selector: EpollSelector
Watching for file changes with StatReloader
/home/codio/workspace/blango/blango/urls.py changed, reloading.
Using selector: EpollSelector
Watching for file changes with StatReloader
/home/codio/workspace/blango/blango/urls.py changed, reloading.
Using selector: EpollSelector
Watching for file changes with StatReloader
/home/codio/workspace/blango/blango/urls.py changed, reloading.
Using selector: EpollSelector
Watching for file changes with StatReloader
/home/codio/workspace/blango/blango/urls.py changed, reloading.
Using selector: EpollSelector
Watching for file changes with StatReloader
/home/codio/workspace/blango/blango/urls.py changed, reloading.
Using selector: EpollSelector
Watching for file changes with StatReloader
/home/codio/workspace/blango/blango/urls.py changed, reloading.
Using selector: EpollSelector
Watching for file changes with StatReloader
Got 2 posts
Loaded 1 recent posts for post 1
Loaded 1 recent posts for post 2
Got 2 posts
Using selector: EpollSelector
Using selector: EpollSelector
Watching for file changes with StatReloader
Using selector: EpollSelector
Using selector: EpollSelector
Watching for file changes with StatReloader
Got 2 posts
Using selector: EpollSelector
Using selector: EpollSelector
Watching for file changes with StatReloader
Got 2 posts
/home/codio/workspace/blango/blog/models.py changed, reloading.
Using selector: EpollSelector
Watching for file changes with StatReloader
/home/codio/workspace/blango/blog/models.py changed, reloading.
Using selector: EpollSelector
Watching for file changes with StatReloader
/home/codio/workspace/blango/blog/models.py changed, reloading.
Using selector: EpollSelector
Watching for file changes with StatReloader
/home/codio/workspace/blango/blog/models.py changed, reloading.
Using selector: EpollSelector
Watching for file changes with StatReloader
Using selector: EpollSelector
Using selector: EpollSelector
Using selector: EpollSelector
Using selector: EpollSelector
Watching for file changes with StatReloader
Got 2 posts
Using selector: EpollSelector
Using selector: EpollSelector
Using selector: EpollSelector
Using selector: EpollSelector
Using selector: EpollSelector
Using selector: EpollSelector
Watching for file changes with StatReloader
Got 2 posts
/home/codio/workspace/blango/blog/views.py changed, reloading.
Using selector: EpollSelector
Watching for file changes with StatReloader
/home/codio/workspace/blango/blog/views.py changed, reloading.
Using selector: EpollSelector
Watching for file changes with StatReloader
/home/codio/workspace/blango/blog/views.py changed, reloading.
Using selector: EpollSelector
Watching for file changes with StatReloader
/home/codio/workspace/blango/blog/views.py changed, reloading.
Using selector: EpollSelector
Watching for file changes with StatReloader
Internal Server Error: /
Traceback (most recent call last):
  File "/home/codio/.local/lib/python3.6/site-packages/django/core/handlers/exception.py", line 47, in inner
    response = get_response(request)
  File "/home/codio/.local/lib/python3.6/site-packages/django/core/handlers/base.py", line 181, in _get_response
    response = wrapped_callback(request, *callback_args, **callback_kwargs)
  File "/home/codio/workspace/blango/blog/views.py", line 18, in index
    posts = Post.objects.filter(published_at__lte=timezone.now().selected_related("author"))
AttributeError: 'datetime.datetime' object has no attribute 'selected_related'
/home/codio/workspace/blango/blog/views.py changed, reloading.
Using selector: EpollSelector
Watching for file changes with StatReloader
/home/codio/workspace/blango/blog/views.py changed, reloading.
Using selector: EpollSelector
Watching for file changes with StatReloader
Internal Server Error: /
Traceback (most recent call last):
  File "/home/codio/.local/lib/python3.6/site-packages/django/core/handlers/exception.py", line 47, in inner
    response = get_response(request)
  File "/home/codio/.local/lib/python3.6/site-packages/django/core/handlers/base.py", line 181, in _get_response
    response = wrapped_callback(request, *callback_args, **callback_kwargs)
  File "/home/codio/workspace/blango/blog/views.py", line 18, in index
    posts = Post.objects.filter(published_at__lte=timezone.now()).selected_related("author")
AttributeError: 'QuerySet' object has no attribute 'selected_related'
/home/codio/workspace/blango/blog/views.py changed, reloading.
Using selector: EpollSelector
Watching for file changes with StatReloader
/home/codio/workspace/blango/blog/views.py changed, reloading.
Using selector: EpollSelector
Watching for file changes with StatReloader
Got 2 posts
Using selector: EpollSelector
Using selector: EpollSelector
Using selector: EpollSelector
Using selector: EpollSelector
Using selector: EpollSelector
Watching for file changes with StatReloader
Using selector: EpollSelector
Using selector: EpollSelector
Watching for file changes with StatReloader
Got 2 posts
Got 2 posts
Loaded 1 recent posts for post 1
Got 2 posts
Using selector: EpollSelector
Using selector: EpollSelector
Using selector: EpollSelector
Using selector: EpollSelector
Using selector: EpollSelector
Using selector: EpollSelector
Using selector: EpollSelector
Using selector: EpollSelector
